2023-06-09 16:02:15,313 INFO o.a.j.u.JMeterUtils: Setting Locale to en_IN
2023-06-09 16:02:15,328 INFO o.a.j.JMeter: Loading user properties from: user.properties
2023-06-09 16:02:15,344 INFO o.a.j.JMeter: Loading system properties from: system.properties
2023-06-09 16:02:15,354 INFO o.a.j.JMeter: Copyright (c) 1998-2022 The Apache Software Foundation
2023-06-09 16:02:15,354 INFO o.a.j.JMeter: Version 5.5
2023-06-09 16:02:15,354 INFO o.a.j.JMeter: java.version=20.0.1
2023-06-09 16:02:15,354 INFO o.a.j.JMeter: java.vm.name=Java HotSpot(TM) 64-Bit Server VM
2023-06-09 16:02:15,354 INFO o.a.j.JMeter: os.name=Windows 11
2023-06-09 16:02:15,354 INFO o.a.j.JMeter: os.arch=amd64
2023-06-09 16:02:15,354 INFO o.a.j.JMeter: os.version=10.0
2023-06-09 16:02:15,354 INFO o.a.j.JMeter: file.encoding=UTF-8
2023-06-09 16:02:15,354 INFO o.a.j.JMeter: java.awt.headless=null
2023-06-09 16:02:15,354 INFO o.a.j.JMeter: Max memory     =4202692608
2023-06-09 16:02:15,354 INFO o.a.j.JMeter: Available Processors =8
2023-06-09 16:02:15,360 INFO o.a.j.JMeter: Default Locale=English (India)
2023-06-09 16:02:15,360 INFO o.a.j.JMeter: JMeter  Locale=English (India)
2023-06-09 16:02:15,360 INFO o.a.j.JMeter: JMeterHome=C:\files\apache-jmeter-5.5\apache-jmeter-5.5
2023-06-09 16:02:15,360 INFO o.a.j.JMeter: user.dir  =C:\files\apache-jmeter-5.5\apache-jmeter-5.5\bin
2023-06-09 16:02:15,360 INFO o.a.j.JMeter: PWD       =C:\files\apache-jmeter-5.5\apache-jmeter-5.5\bin
2023-06-09 16:02:15,360 INFO o.a.j.JMeter: IP: 192.168.29.136 Name: RAMWINTECH06 FullName: RAMWINTECH06
2023-06-09 16:02:15,360 INFO o.a.j.JMeter: Loaded icon properties from org/apache/jmeter/images/icon.properties
2023-06-09 16:02:15,480 INFO o.a.j.JMeterGuiLauncher: Setting LAF to: laf:com.sun.java.swing.plaf.windows.WindowsClassicLookAndFeel
2023-06-09 16:02:27,399 INFO o.a.j.s.FileServer: Default base='C:\files\apache-jmeter-5.5\apache-jmeter-5.5\bin'
2023-06-09 16:02:27,401 INFO o.a.j.g.a.Load: Loading file: C:\Users\ramwi\OneDrive\Desktop\DIP_Performance Testing_new.jmx
2023-06-09 16:02:27,401 INFO o.a.j.s.FileServer: Set new base='C:\Users\ramwi\OneDrive\Desktop'
2023-06-09 16:02:27,542 INFO o.a.j.s.SaveService: Testplan (JMX) version: 2.2. Testlog (JTL) version: 2.2
2023-06-09 16:02:27,582 INFO o.a.j.s.SaveService: Using SaveService properties version 5.0
2023-06-09 16:02:27,582 INFO o.a.j.s.SaveService: Using SaveService properties file encoding UTF-8
2023-06-09 16:02:27,582 INFO o.a.j.s.SaveService: Loading file: C:\Users\ramwi\OneDrive\Desktop\DIP_Performance Testing_new.jmx
2023-06-09 16:02:27,620 INFO o.a.j.p.h.s.HTTPSamplerBase: Parser for text/html is org.apache.jmeter.protocol.http.parser.LagartoBasedHtmlParser
2023-06-09 16:02:27,620 INFO o.a.j.p.h.s.HTTPSamplerBase: Parser for application/xhtml+xml is org.apache.jmeter.protocol.http.parser.LagartoBasedHtmlParser
2023-06-09 16:02:27,620 INFO o.a.j.p.h.s.HTTPSamplerBase: Parser for application/xml is org.apache.jmeter.protocol.http.parser.LagartoBasedHtmlParser
2023-06-09 16:02:27,620 INFO o.a.j.p.h.s.HTTPSamplerBase: Parser for text/xml is org.apache.jmeter.protocol.http.parser.LagartoBasedHtmlParser
2023-06-09 16:02:27,620 INFO o.a.j.p.h.s.HTTPSamplerBase: Parser for text/vnd.wap.wml is org.apache.jmeter.protocol.http.parser.RegexpHTMLParser
2023-06-09 16:02:27,620 INFO o.a.j.p.h.s.HTTPSamplerBase: Parser for text/css is org.apache.jmeter.protocol.http.parser.CssParser
2023-06-09 16:02:27,841 INFO o.a.j.s.SampleResult: Note: Sample TimeStamps are START times
2023-06-09 16:02:27,841 INFO o.a.j.s.SampleResult: sampleresult.default.encoding is set to ISO-8859-1
2023-06-09 16:02:27,841 INFO o.a.j.s.SampleResult: sampleresult.useNanoTime=true
2023-06-09 16:02:27,841 INFO o.a.j.s.SampleResult: sampleresult.nanoThreadSleep=5000
2023-06-09 16:02:27,937 INFO o.a.j.v.ViewResultsFullVisualizer: Add JavaFX to your Java installation if you want to use renderer: org.apache.jmeter.visualizers.RenderInBrowser
2023-06-09 16:02:28,016 INFO o.a.j.v.ViewResultsFullVisualizer: Add JavaFX to your Java installation if you want to use renderer: org.apache.jmeter.visualizers.RenderInBrowser
2023-06-09 16:02:28,050 INFO o.a.j.s.FileServer: Set new base='C:\Users\ramwi\OneDrive\Desktop'
2023-06-09 16:02:32,176 INFO o.a.j.e.StandardJMeterEngine: Running the test!
2023-06-09 16:02:32,176 INFO o.a.j.s.SampleEvent: List of sample_variables: []
2023-06-09 16:02:32,176 INFO o.a.j.s.SampleEvent: List of sample_variables: []
2023-06-09 16:02:32,176 INFO o.a.j.e.u.CompoundVariable: Note: Function class names must contain the string: '.functions.'
2023-06-09 16:02:32,176 INFO o.a.j.e.u.CompoundVariable: Note: Function class names must not contain the string: '.gui.'
2023-06-09 16:02:32,205 INFO o.a.j.t.TestPlan: added C:\files\filechangeexcel.jar to classpath
2023-06-09 16:02:32,205 INFO o.a.j.g.u.JMeterMenuBar: setRunning(true, *local*)
2023-06-09 16:02:32,226 INFO o.a.j.e.StandardJMeterEngine: Starting ThreadGroup: 1 : Thread Group
2023-06-09 16:02:32,226 INFO o.a.j.e.StandardJMeterEngine: Starting 1 threads for group Thread Group.
2023-06-09 16:02:32,226 INFO o.a.j.e.StandardJMeterEngine: Thread will start next loop on error
2023-06-09 16:02:32,226 INFO o.a.j.t.ThreadGroup: Starting thread group... number=1 threads=1 ramp-up=0 delayedStart=false
2023-06-09 16:02:32,257 INFO o.a.j.t.ThreadGroup: Started thread group number 1
2023-06-09 16:02:32,257 INFO o.a.j.e.StandardJMeterEngine: All thread groups have been started
2023-06-09 16:02:32,257 INFO o.a.j.t.JMeterThread: Thread started: Thread Group 1-1
2023-06-09 16:02:32,273 INFO o.a.j.p.h.s.HTTPHCAbstractImpl: Local host = RAMWINTECH06
2023-06-09 16:02:32,273 INFO o.a.j.p.h.s.HTTPHC4Impl: HTTP request retry count = 0
2023-06-09 16:02:32,391 INFO o.a.j.p.h.s.h.LazyLayeredConnectionSocketFactory: Setting up HTTPS TrustAll Socket Factory
2023-06-09 16:02:32,391 INFO o.a.j.u.JsseSSLManager: Using default SSL protocol: TLS
2023-06-09 16:02:32,391 INFO o.a.j.u.JsseSSLManager: SSL session context: per-thread
2023-06-09 16:02:32,521 INFO o.a.j.u.SSLManager: JmeterKeyStore Location:  type JKS
2023-06-09 16:02:32,525 INFO o.a.j.u.SSLManager: KeyStore created OK
2023-06-09 16:02:32,526 WARN o.a.j.u.SSLManager: Keystore file not found, loading empty keystore
2023-06-09 16:02:33,638 INFO o.a.j.u.BeanShellTestElement: --------------------Hello World
2023-06-09 16:02:33,638 INFO o.a.j.u.BeanShellTestElement: New file generated at C:\files\apache-jmeter-5.5\apache-jmeter-5.5\bin/target/temp/1686306753638.pdf
2023-06-09 16:02:33,638 INFO o.a.j.u.BeanShellTestElement: fileNameWithExt************** 1686306753638
2023-06-09 16:02:33,638 ERROR o.a.j.u.BeanShellInterpreter: Error invoking bsh method: eval	Sourced file: inline evaluation of: ``import org.example.Main; Main doc = new Main(); log.info("--------------------He . . . '' : Typed variable declaration : Class: string not found in namespace
2023-06-09 16:02:33,638 WARN o.a.j.m.BeanShellPreProcessor: Problem in BeanShell script. org.apache.jorphan.util.JMeterException: Error invoking bsh method: eval	Sourced file: inline evaluation of: ``import org.example.Main; Main doc = new Main(); log.info("--------------------He . . . '' : Typed variable declaration : Class: string not found in namespace
2023-06-09 16:02:34,654 INFO o.a.j.p.h.s.HTTPHC4Impl: Content-Header is set already on the request! Will be replaced by a Multipart-Header. Old headers: [Content-Type: multipart/form-data; boundary=your_custom_boundary]
2023-06-09 16:02:34,654 INFO o.a.j.s.FileServer: Stored: C:\files\apache-jmeter-5.5\apache-jmeter-5.5\bin/target/temp/1686306753638.pdf
2023-06-09 16:02:35,787 INFO o.a.j.t.JMeterThread: Thread is done: Thread Group 1-1
2023-06-09 16:02:35,787 INFO o.a.j.t.JMeterThread: Thread finished: Thread Group 1-1
2023-06-09 16:02:35,787 INFO o.a.j.e.StandardJMeterEngine: Notifying test listeners of end of test
2023-06-09 16:02:35,787 INFO o.a.j.g.u.JMeterMenuBar: setRunning(false, *local*)
